<?xml version="1.0" encoding="utf-8"?><testsuites name="pytest tests"><testsuite name="pytest" errors="0" failures="0" skipped="0" tests="14" time="4.327" timestamp="2026-01-19T03:33:36.802958+00:00" hostname="agent-env-372af6e7-f245-497a-8adb-3e51972ce8db"><testcase classname="tests.test_performance_features.TestAdminLogin" name="test_admin_login_nastu123" time="0.289" /><testcase classname="tests.test_performance_features.TestAdminLogin" name="test_dashboard_stats_459_properties_9_employees" time="0.304" /><testcase classname="tests.test_performance_features.TestAPIPerformance" name="test_properties_api_performance_with_pagination" time="0.308" /><testcase classname="tests.test_performance_features.TestAPIPerformance" name="test_properties_api_large_limit_performance" time="0.325" /><testcase classname="tests.test_performance_features.TestAPIPerformance" name="test_dashboard_api_performance" time="0.305" /><testcase classname="tests.test_performance_features.TestSurveyorLogin" name="test_surveyor1_login_test123" time="0.257" /><testcase classname="tests.test_performance_features.TestSurveyorAttendance" name="test_attendance_today_endpoint" time="0.297" /><testcase classname="tests.test_performance_features.TestSurveyorAttendance" name="test_attendance_check_returns_marked_status" time="0.296" /><testcase classname="tests.test_performance_features.TestSurveyorProperties" name="test_employee_properties_endpoint" time="0.300" /><testcase classname="tests.test_performance_features.TestSurveyorProperties" name="test_properties_have_gps_coordinates" time="0.300" /><testcase classname="tests.test_performance_features.TestAdminPropertyMap" name="test_properties_with_gps_for_map" time="0.319" /><testcase classname="tests.test_performance_features.TestAdminPropertyMap" name="test_properties_have_serial_numbers" time="0.305" /><testcase classname="tests.test_performance_features.TestSurveyFormRequirements" name="test_survey_submit_requires_photo" time="0.297" /><testcase classname="tests.test_performance_features.TestSpecialConditions" name="test_submissions_can_have_special_condition" time="0.304" /></testsuite></testsuites>