<?xml version="1.0" encoding="utf-8"?><testsuites name="pytest tests"><testsuite name="pytest" errors="0" failures="0" skipped="0" tests="11" time="6.431" timestamp="2026-01-05T21:16:23.310907+00:00" hostname="agent-env-a886fb37-52ab-4e24-9ecf-7b9a934d8e8e"><testcase classname="tests.test_nstu_features.TestAdminLogin" name="test_admin_login_with_nastu123" time="0.280" /><testcase classname="tests.test_nstu_features.TestDashboardChanges" name="test_dashboard_stats_has_today_wards" time="0.303" /><testcase classname="tests.test_nstu_features.TestDashboardChanges" name="test_dashboard_stats_structure" time="0.305" /><testcase classname="tests.test_nstu_features.TestRoleBasedAccess" name="test_create_supervisor_and_login" time="0.897" /><testcase classname="tests.test_nstu_features.TestRoleBasedAccess" name="test_create_mc_officer_and_limited_access" time="1.206" /><testcase classname="tests.test_nstu_features.TestAttendanceAPI" name="test_check_today_attendance" time="0.597" /><testcase classname="tests.test_nstu_features.TestAttendanceAPI" name="test_attendance_post_endpoint_exists" time="0.597" /><testcase classname="tests.test_nstu_features.TestAttendanceAPI" name="test_admin_can_view_attendance" time="0.594" /><testcase classname="tests.test_nstu_features.TestSurveyFormFields" name="test_employee_properties_endpoint" time="0.605" /><testcase classname="tests.test_nstu_features.TestSurveyFormFields" name="test_property_detail_has_gps_fields" time="0.670" /><testcase classname="tests.test_nstu_features.TestEmployeeProgress" name="test_employee_progress_has_role_field" time="0.317" /></testsuite></testsuites>