<?xml version="1.0" encoding="utf-8"?><testsuites name="pytest tests"><testsuite name="pytest" errors="0" failures="0" skipped="0" tests="17" time="7.436" timestamp="2026-01-04T16:52:17.159084+00:00" hostname="agent-env-9393616c-3f0c-4bbe-b403-38694136e753"><testcase classname="tests.test_nstu_api.TestAdminAuth" name="test_init_admin" time="0.066" /><testcase classname="tests.test_nstu_api.TestAdminAuth" name="test_admin_login_success" time="0.260" /><testcase classname="tests.test_nstu_api.TestAdminAuth" name="test_admin_login_invalid_credentials" time="0.262" /><testcase classname="tests.test_nstu_api.TestAdminDashboard" name="test_dashboard_stats_structure" time="0.334" /><testcase classname="tests.test_nstu_api.TestAdminDashboard" name="test_employee_progress_report" time="0.373" /><testcase classname="tests.test_nstu_api.TestEmployeeManagement" name="test_create_surveyor" time="0.643" /><testcase classname="tests.test_nstu_api.TestEmployeeManagement" name="test_create_supervisor" time="0.620" /><testcase classname="tests.test_nstu_api.TestEmployeeManagement" name="test_create_mc_officer" time="0.596" /><testcase classname="tests.test_nstu_api.TestEmployeeManagement" name="test_list_users" time="0.418" /><testcase classname="tests.test_nstu_api.TestSurveyorLogin" name="test_surveyor_login" time="0.616" /><testcase classname="tests.test_nstu_api.TestSurveyorLogin" name="test_surveyor_access_employee_progress" time="0.646" /><testcase classname="tests.test_nstu_api.TestSubmissionsApproveReject" name="test_list_submissions" time="0.363" /><testcase classname="tests.test_nstu_api.TestSubmissionsApproveReject" name="test_approve_submission_endpoint_exists" time="0.348" /><testcase classname="tests.test_nstu_api.TestSubmissionsApproveReject" name="test_reject_requires_remarks" time="0.407" /><testcase classname="tests.test_nstu_api.TestCSVUploadFormat" name="test_list_batches" time="0.336" /><testcase classname="tests.test_nstu_api.TestCSVUploadFormat" name="test_list_wards" time="0.390" /><testcase classname="tests.test_nstu_api.TestSurveyFormFields" name="test_employee_properties_endpoint" time="0.677" /></testsuite></testsuites>