<?xml version="1.0" encoding="utf-8"?><testsuites name="pytest tests"><testsuite name="pytest" errors="0" failures="0" skipped="0" tests="16" time="5.201" timestamp="2026-01-09T21:48:31.376090+00:00" hostname="agent-env-571f77b4-8061-4c07-a466-cdf6d69e6129"><testcase classname="tests.test_recent_fixes.TestAdminLogin" name="test_admin_login" time="0.285" /><testcase classname="tests.test_recent_fixes.TestEmployeeLogin" name="test_employee_login" time="0.261" /><testcase classname="tests.test_recent_fixes.TestMultipleEmployeeAssignment" name="test_assignment_request_model_supports_multiple_employees" time="0.413" /><testcase classname="tests.test_recent_fixes.TestMultipleEmployeeAssignment" name="test_bulk_assignment_supports_multiple_employees" time="0.647" /><testcase classname="tests.test_recent_fixes.TestSurveySpecialConditions" name="test_submit_endpoint_accepts_special_condition" time="0.593" /><testcase classname="tests.test_recent_fixes.TestSurveySpecialConditions" name="test_submissions_include_special_condition_field" time="0.561" /><testcase classname="tests.test_recent_fixes.TestExportDefaultsToApproved" name="test_export_api_defaults_to_approved" time="0.304" /><testcase classname="tests.test_recent_fixes.TestExportDefaultsToApproved" name="test_export_api_with_explicit_approved_status" time="0.303" /><testcase classname="tests.test_recent_fixes.TestExportDefaultsToApproved" name="test_export_pdf_defaults_to_approved" time="0.296" /><testcase classname="tests.test_recent_fixes.TestAttendanceGPSTracker" name="test_attendance_api_returns_gps_coordinates" time="0.295" /><testcase classname="tests.test_recent_fixes.TestAttendanceGPSTracker" name="test_attendance_api_filter_by_date" time="0.337" /><testcase classname="tests.test_recent_fixes.TestAttendanceGPSTracker" name="test_attendance_api_filter_by_employee" time="0.332" /><testcase classname="tests.test_recent_fixes.TestEmployeePropertiesAccess" name="test_employee_properties_query_includes_assigned_employee_ids" time="0.259" /><testcase classname="tests.test_recent_fixes.TestEmployeePropertiesAccess" name="test_property_detail_checks_both_assignment_fields" time="0.257" /><testcase classname="tests.test_recent_fixes.TestWatermarkFunction" name="test_watermark_function_uses_createObjectURL" time="0.000" /><testcase classname="tests.test_recent_fixes.TestWatermarkFunction" name="test_watermark_includes_gps_and_timestamp" time="0.000" /></testsuite></testsuites>