<?xml version="1.0" encoding="utf-8"?><testsuites name="pytest tests"><testsuite name="pytest" errors="0" failures="1" skipped="0" tests="17" time="7.355" timestamp="2026-01-04T16:51:31.942985+00:00" hostname="agent-env-9393616c-3f0c-4bbe-b403-38694136e753"><testcase classname="tests.test_nstu_api.TestAdminAuth" name="test_init_admin" time="0.061" /><testcase classname="tests.test_nstu_api.TestAdminAuth" name="test_admin_login_success" time="0.297" /><testcase classname="tests.test_nstu_api.TestAdminAuth" name="test_admin_login_invalid_credentials" time="0.260" /><testcase classname="tests.test_nstu_api.TestAdminDashboard" name="test_dashboard_stats_structure" time="0.345" /><testcase classname="tests.test_nstu_api.TestAdminDashboard" name="test_employee_progress_report" time="0.340" /><testcase classname="tests.test_nstu_api.TestEmployeeManagement" name="test_create_surveyor" time="0.639" /><testcase classname="tests.test_nstu_api.TestEmployeeManagement" name="test_create_supervisor" time="0.631" /><testcase classname="tests.test_nstu_api.TestEmployeeManagement" name="test_create_mc_officer" time="0.618" /><testcase classname="tests.test_nstu_api.TestEmployeeManagement" name="test_list_users" time="0.324" /><testcase classname="tests.test_nstu_api.TestSurveyorLogin" name="test_surveyor_login" time="0.594" /><testcase classname="tests.test_nstu_api.TestSurveyorLogin" name="test_surveyor_access_employee_progress" time="0.613"><failure message="AssertionError: assert 'approved' in {'completed': 0, 'in_progress': 0, 'pending': 0, 'rejected': 0, ...}">tests/test_nstu_api.py:259: in test_surveyor_access_employee_progress
    assert "approved" in data
E   AssertionError: assert 'approved' in {'completed': 0, 'in_progress': 0, 'pending': 0, 'rejected': 0, ...}</failure></testcase><testcase classname="tests.test_nstu_api.TestSubmissionsApproveReject" name="test_list_submissions" time="0.385" /><testcase classname="tests.test_nstu_api.TestSubmissionsApproveReject" name="test_approve_submission_endpoint_exists" time="0.387" /><testcase classname="tests.test_nstu_api.TestSubmissionsApproveReject" name="test_reject_requires_remarks" time="0.402" /><testcase classname="tests.test_nstu_api.TestCSVUploadFormat" name="test_list_batches" time="0.368" /><testcase classname="tests.test_nstu_api.TestCSVUploadFormat" name="test_list_wards" time="0.327" /><testcase classname="tests.test_nstu_api.TestSurveyFormFields" name="test_employee_properties_endpoint" time="0.612" /></testsuite></testsuites>