<?xml version="1.0" encoding="utf-8"?><testsuites name="pytest tests"><testsuite name="pytest" errors="0" failures="0" skipped="0" tests="14" time="11.339" timestamp="2026-01-06T06:53:28.105357+00:00" hostname="agent-env-b68c894f-4c25-4975-9a4e-a7595e86445c"><testcase classname="tests.test_bills_features.TestBillsFeatures" name="test_admin_login" time="0.561" /><testcase classname="tests.test_bills_features.TestBillsFeatures" name="test_get_bills_list" time="0.306" /><testcase classname="tests.test_bills_features.TestBillsFeatures" name="test_get_bills_colonies" time="0.300" /><testcase classname="tests.test_bills_features.TestBillsFeatures" name="test_get_bills_map_data" time="0.335" /><testcase classname="tests.test_bills_features.TestBillsFeatures" name="test_arrange_bills_by_route" time="1.363" /><testcase classname="tests.test_bills_features.TestBillsFeatures" name="test_generate_pdf" time="3.774" /><testcase classname="tests.test_bills_features.TestBillsFeatures" name="test_split_by_employee" time="2.531" /><testcase classname="tests.test_bills_features.TestPropertyMapFeatures" name="test_get_properties_list" time="0.304" /><testcase classname="tests.test_bills_features.TestPropertyMapFeatures" name="test_arrange_properties_by_route_no_data" time="0.299" /><testcase classname="tests.test_bills_features.TestPropertyMapFeatures" name="test_save_arranged_data_no_data" time="0.293" /><testcase classname="tests.test_bills_features.TestPropertyMapFeatures" name="test_download_properties_pdf_no_data" time="0.297" /><testcase classname="tests.test_bills_features.TestBillsDataIntegrity" name="test_bill_has_required_fields" time="0.291" /><testcase classname="tests.test_bills_features.TestBillsDataIntegrity" name="test_bills_have_gps_coordinates" time="0.320" /><testcase classname="tests.test_bills_features.TestBillsDataIntegrity" name="test_bills_serial_numbers_sequential" time="0.312" /></testsuite></testsuites>